<?xml version="1.0" encoding="UTF-8"?>
<!-- Generated by org.testng.reporters.JUnitReportReporter -->
<testsuite hostname="LTIN520425" failures="0" tests="1" name="runner.Menurunner" time="32.488" errors="0" timestamp="2024-11-02T20:17:24 IST" skipped="0">
  <testcase classname="runner.Menurunner" name="runScenario" time="32.488"/>
  <system-out/>
</testsuite> <!-- runner.Menurunner -->
