<?xml version="1.0" encoding="UTF-8"?>
<!-- Generated by org.testng.reporters.JUnitReportReporter -->
<testsuite hostname="LTIN520425" failures="0" tests="1" name="runner.Giftcardrunner" time="31.714" errors="0" timestamp="2024-11-02T20:17:24 IST" skipped="0">
  <testcase classname="runner.Giftcardrunner" name="runScenario" time="31.714"/>
  <system-out/>
</testsuite> <!-- runner.Giftcardrunner -->
