<?xml version="1.0" encoding="UTF-8"?>
<!-- Generated by org.testng.reporters.JUnitReportReporter -->
<testsuite hostname="LTIN520425" failures="0" tests="1" name="cucumber.TestRunner" time="12.495" errors="0" timestamp="2024-10-26T11:58:59 IST" skipped="0">
  <testcase classname="cucumber.TestRunner" name="runScenario" time="12.495"/>
  <system-out/>
</testsuite> <!-- cucumber.TestRunner -->
