<?xml version="1.0" encoding="UTF-8"?>
<!-- Generated by org.testng.reporters.JUnitReportReporter -->
<testsuite hostname="LTIN520425" failures="0" tests="1" name="runner.Giftcardrunner" time="51.717" errors="0" timestamp="2024-11-06T12:33:33 IST" skipped="0">
  <testcase classname="runner.Giftcardrunner" name="runScenario" time="51.717"/>
  <system-out/>
</testsuite> <!-- runner.Giftcardrunner -->
