<?xml version="1.0" encoding="UTF-8"?>
<!-- Generated by org.testng.reporters.JUnitReportReporter -->
<testsuite hostname="LTIN520425" failures="0" tests="1" name="runner.Menurunner" time="52.823" errors="0" timestamp="2024-11-05T09:59:35 IST" skipped="0">
  <testcase classname="runner.Menurunner" name="runScenario" time="52.823"/>
  <system-out/>
</testsuite> <!-- runner.Menurunner -->
