<?xml version="1.0" encoding="UTF-8"?>
<!-- Generated by org.testng.reporters.JUnitReportReporter -->
<testsuite hostname="LTIN520425" failures="0" tests="4" name="runner.TestRunner" time="196.719" errors="0" timestamp="2024-11-05T09:33:33 IST" skipped="0">
  <testcase classname="runner.TestRunner" name="runScenario" time="38.479"/>
  <system-out/>
  <testcase classname="runner.TestRunner" name="runScenario" time="39.173"/>
  <system-out/>
  <testcase classname="runner.TestRunner" name="runScenario" time="45.965"/>
  <system-out/>
  <testcase classname="runner.TestRunner" name="runScenario" time="73.102"/>
  <system-out/>
</testsuite> <!-- runner.TestRunner -->
