<?xml version="1.0" encoding="UTF-8"?>
<!-- Generated by org.testng.reporters.JUnitReportReporter -->
<testsuite hostname="LTIN520425" failures="0" tests="1" name="runner.TestRunner" time="37.800" errors="0" timestamp="2024-11-02T20:17:24 IST" skipped="0">
  <testcase classname="runner.TestRunner" name="runScenario" time="37.800"/>
  <system-out/>
</testsuite> <!-- runner.TestRunner -->
