<?xml version="1.0" encoding="UTF-8"?>
<!-- Generated by org.testng.reporters.JUnitReportReporter -->
<testsuite hostname="LTIN520425" failures="0" tests="1" name="runner.Giftcardrunner" time="72.198" errors="0" timestamp="2024-11-03T18:36:59 IST" skipped="0">
  <testcase classname="runner.Giftcardrunner" name="runScenario" time="72.198"/>
  <system-out/>
</testsuite> <!-- runner.Giftcardrunner -->
