<?xml version="1.0" encoding="UTF-8"?>
<!-- Generated by org.testng.reporters.JUnitReportReporter -->
<testsuite hostname="LTIN520425" failures="0" tests="4" name="runner.TestRunner" time="192.423" errors="0" timestamp="2024-11-06T12:37:09 IST" skipped="0">
  <testcase classname="runner.TestRunner" name="runScenario" time="38.820"/>
  <system-out/>
  <testcase classname="runner.TestRunner" name="runScenario" time="42.376"/>
  <system-out/>
  <testcase classname="runner.TestRunner" name="runScenario" time="38.470"/>
  <system-out/>
  <testcase classname="runner.TestRunner" name="runScenario" time="72.757"/>
  <system-out/>
</testsuite> <!-- runner.TestRunner -->
