<?xml version="1.0" encoding="UTF-8"?>
<!-- Generated by org.testng.reporters.JUnitReportReporter -->
<testsuite hostname="LTIN520425" failures="0" tests="1" name="runner.StudyChairrunner" time="76.889" errors="0" timestamp="2024-11-06T12:33:33 IST" skipped="0">
  <testcase classname="runner.StudyChairrunner" name="runScenario" time="76.889"/>
  <system-out/>
</testsuite> <!-- runner.StudyChairrunner -->
