<?xml version="1.0" encoding="UTF-8"?>
<!-- Generated by org.testng.reporters.JUnitReportReporter -->
<testsuite hostname="LTIN520425" failures="0" tests="1" name="runner.Menurunner" time="51.863" errors="0" timestamp="2024-11-04T10:00:25 IST" skipped="0">
  <testcase classname="runner.Menurunner" name="runScenario" time="51.863"/>
</testsuite> <!-- runner.Menurunner -->
