<?xml version="1.0" encoding="UTF-8"?>
<!-- Generated by org.testng.reporters.JUnitReportReporter -->
<testsuite hostname="LTIN520425" failures="0" tests="1" name="runner.Bookshelvesrunner" time="69.538" errors="0" timestamp="2024-11-03T11:04:04 IST" skipped="0">
  <testcase classname="runner.Bookshelvesrunner" name="runScenario" time="69.538"/>
</testsuite> <!-- runner.Bookshelvesrunner -->
