<?xml version="1.0" encoding="UTF-8"?>
<!-- Generated by org.testng.reporters.JUnitReportReporter -->
<testsuite hostname="LTIN520425" failures="0" tests="4" name="runner.TestRunner" time="89.372" errors="0" timestamp="2024-11-06T19:49:26 IST" skipped="0">
  <testcase classname="runner.TestRunner" name="runScenario" time="15.161"/>
  <testcase classname="runner.TestRunner" name="runScenario" time="11.025"/>
  <testcase classname="runner.TestRunner" name="runScenario" time="42.082"/>
  <testcase classname="runner.TestRunner" name="runScenario" time="21.104"/>
</testsuite> <!-- runner.TestRunner -->
