<?xml version="1.0" encoding="UTF-8"?>
<!-- Generated by org.testng.reporters.JUnitReportReporter -->
<testsuite hostname="LTIN520425" failures="0" tests="1" name="runner.Bookshelvesrunner" time="52.163" errors="0" timestamp="2024-11-06T19:28:53 IST" skipped="0">
  <testcase classname="runner.Bookshelvesrunner" name="runScenario" time="52.163"/>
</testsuite> <!-- runner.Bookshelvesrunner -->
