<?xml version="1.0" encoding="UTF-8"?>
<!-- Generated by org.testng.reporters.JUnitReportReporter -->
<testsuite hostname="LTIN520425" failures="0" tests="1" name="runner.Bookshelvesrunner" time="97.290" errors="0" timestamp="2024-11-02T18:10:13 IST" skipped="0">
  <testcase classname="runner.Bookshelvesrunner" name="runScenario" time="97.290"/>
</testsuite> <!-- runner.Bookshelvesrunner -->
