<?xml version="1.0" encoding="UTF-8"?>
<!-- Generated by org.testng.reporters.JUnitReportReporter -->
<testsuite hostname="LTIN520425" failures="0" tests="1" name="runner.TestRunner" time="77.189" errors="0" timestamp="2024-11-04T10:00:25 IST" skipped="0">
  <testcase classname="runner.TestRunner" name="runScenario" time="77.189"/>
</testsuite> <!-- runner.TestRunner -->
