<?xml version="1.0" encoding="UTF-8"?>
<!-- Generated by org.testng.reporters.JUnitReportReporter -->
<testsuite hostname="LTIN520425" failures="0" tests="1" name="runner.Giftcardrunner" time="46.683" errors="0" timestamp="2024-11-06T19:28:53 IST" skipped="0">
  <testcase classname="runner.Giftcardrunner" name="runScenario" time="46.683"/>
</testsuite> <!-- runner.Giftcardrunner -->
